<?xml version="1.0" encoding="UTF-8"?>
<testsuite xmlns:xsi="http://www.w3.org/2001/XMLSchema-instance" xsi:noNamespaceSchemaLocation="https://maven.apache.org/surefire/maven-surefire-plugin/xsd/surefire-test-report.xsd" name="pl.polsl.youssef.albali.vigenere.cipher.model.VigenereCipherModelTest" time="0.105" tests="6" errors="3" skipped="0" failures="1">
  <properties>
    <property name="java.specification.version" value="17"/>
    <property name="sun.cpu.isalist" value="amd64"/>
    <property name="sun.jnu.encoding" value="Cp1252"/>
    <property name="java.class.path" value="C:\Users\youssef albali\OneDrive\Desktop\SEM 5\jiiamd\lab1\Vigenere-cipher\target\test-classes;C:\Users\youssef albali\OneDrive\Desktop\SEM 5\jiiamd\lab1\Vigenere-cipher\target\classes;C:\Users\youssef albali\.m2\repository\org\junit\jupiter\junit-jupiter-api\5.6.0\junit-jupiter-api-5.6.0.jar;C:\Users\youssef albali\.m2\repository\org\apiguardian\apiguardian-api\1.1.0\apiguardian-api-1.1.0.jar;C:\Users\youssef albali\.m2\repository\org\opentest4j\opentest4j\1.2.0\opentest4j-1.2.0.jar;C:\Users\youssef albali\.m2\repository\org\junit\platform\junit-platform-commons\1.6.0\junit-platform-commons-1.6.0.jar;C:\Users\youssef albali\.m2\repository\org\junit\jupiter\junit-jupiter-params\5.6.0\junit-jupiter-params-5.6.0.jar;C:\Users\youssef albali\.m2\repository\org\junit\jupiter\junit-jupiter-engine\5.6.0\junit-jupiter-engine-5.6.0.jar;C:\Users\youssef albali\.m2\repository\org\junit\platform\junit-platform-engine\1.6.0\junit-platform-engine-1.6.0.jar;"/>
    <property name="java.vm.vendor" value="Oracle Corporation"/>
    <property name="sun.arch.data.model" value="64"/>
    <property name="user.variant" value=""/>
    <property name="java.vendor.url" value="https://java.oracle.com/"/>
    <property name="user.timezone" value="Europe/Warsaw"/>
    <property name="os.name" value="Windows 10"/>
    <property name="java.vm.specification.version" value="17"/>
    <property name="user.country" value="US"/>
    <property name="sun.java.launcher" value="SUN_STANDARD"/>
    <property name="sun.boot.library.path" value="C:\Program Files\Java\jdk-17.0.1\bin"/>
    <property name="sun.java.command" value="C:\Users\YOUSSE~1\AppData\Local\Temp\surefire12875014971246544753\surefirebooter1552223075490058514.jar C:\Users\youssef albali\AppData\Local\Temp\surefire12875014971246544753 2022-10-20T15-39-35_303-jvmRun1 surefire6150374094282148182tmp surefire_017300289409278373454tmp"/>
    <property name="jdk.debug" value="release"/>
    <property name="test" value="pl.polsl.youssef.albali.vigenere.cipher.model.VigenereCipherModelTest"/>
    <property name="surefire.test.class.path" value="C:\Users\youssef albali\OneDrive\Desktop\SEM 5\jiiamd\lab1\Vigenere-cipher\target\test-classes;C:\Users\youssef albali\OneDrive\Desktop\SEM 5\jiiamd\lab1\Vigenere-cipher\target\classes;C:\Users\youssef albali\.m2\repository\org\junit\jupiter\junit-jupiter-api\5.6.0\junit-jupiter-api-5.6.0.jar;C:\Users\youssef albali\.m2\repository\org\apiguardian\apiguardian-api\1.1.0\apiguardian-api-1.1.0.jar;C:\Users\youssef albali\.m2\repository\org\opentest4j\opentest4j\1.2.0\opentest4j-1.2.0.jar;C:\Users\youssef albali\.m2\repository\org\junit\platform\junit-platform-commons\1.6.0\junit-platform-commons-1.6.0.jar;C:\Users\youssef albali\.m2\repository\org\junit\jupiter\junit-jupiter-params\5.6.0\junit-jupiter-params-5.6.0.jar;C:\Users\youssef albali\.m2\repository\org\junit\jupiter\junit-jupiter-engine\5.6.0\junit-jupiter-engine-5.6.0.jar;C:\Users\youssef albali\.m2\repository\org\junit\platform\junit-platform-engine\1.6.0\junit-platform-engine-1.6.0.jar;"/>
    <property name="sun.cpu.endian" value="little"/>
    <property name="user.home" value="C:\Users\youssef albali"/>
    <property name="user.language" value="en"/>
    <property name="java.specification.vendor" value="Oracle Corporation"/>
    <property name="java.version.date" value="2021-10-19"/>
    <property name="java.home" value="C:\Program Files\Java\jdk-17.0.1"/>
    <property name="file.separator" value="\"/>
    <property name="basedir" value="C:\Users\youssef albali\OneDrive\Desktop\SEM 5\jiiamd\lab1\Vigenere-cipher"/>
    <property name="java.vm.compressedOopsMode" value="Zero based"/>
    <property name="line.separator" value="&#10;"/>
    <property name="java.vm.specification.vendor" value="Oracle Corporation"/>
    <property name="java.specification.name" value="Java Platform API Specification"/>
    <property name="surefire.real.class.path" value="C:\Users\YOUSSE~1\AppData\Local\Temp\surefire12875014971246544753\surefirebooter1552223075490058514.jar"/>
    <property name="user.script" value=""/>
    <property name="sun.management.compiler" value="HotSpot 64-Bit Tiered Compilers"/>
    <property name="java.runtime.version" value="17.0.1+12-LTS-39"/>
    <property name="user.name" value="youssef albali"/>
    <property name="path.separator" value=";"/>
    <property name="os.version" value="10.0"/>
    <property name="java.runtime.name" value="Java(TM) SE Runtime Environment"/>
    <property name="file.encoding" value="UTF-8"/>
    <property name="java.vm.name" value="Java HotSpot(TM) 64-Bit Server VM"/>
    <property name="maven.ext.class.path" value="C:\Program Files\NetBeans-15\netbeans\java\maven-nblib\netbeans-eventspy.jar"/>
    <property name="localRepository" value="C:\Users\youssef albali\.m2\repository"/>
    <property name="java.vendor.url.bug" value="https://bugreport.java.com/bugreport/"/>
    <property name="java.io.tmpdir" value="C:\Users\YOUSSE~1\AppData\Local\Temp\"/>
    <property name="java.version" value="17.0.1"/>
    <property name="user.dir" value="C:\Users\youssef albali\OneDrive\Desktop\SEM 5\jiiamd\lab1\Vigenere-cipher"/>
    <property name="os.arch" value="amd64"/>
    <property name="java.vm.specification.name" value="Java Virtual Machine Specification"/>
    <property name="sun.os.patch.level" value=""/>
    <property name="native.encoding" value="Cp1252"/>
    <property name="java.library.path" value="C:\Program Files\Java\jdk-17.0.1\bin;C:\WINDOWS\Sun\Java\bin;C:\WINDOWS\system32;C:\WINDOWS;C:\Program Files\Common Files\Oracle\Java\javapath;E:\WINDOWS.X64_213000_db_home\bin;C:\Program Files (x86)\Common Files\Oracle\Java\javapath;C:\WINDOWS\system32;C:\WINDOWS;C:\WINDOWS\System32\Wbem;C:\WINDOWS\System32\WindowsPowerShell\v1.0\;C:\WINDOWS\System32\OpenSSH\;C:\Program Files\Git\cmd;C:\Program Files (x86)\Visual Leak Detector\bin\Win32;C:\Program Files (x86)\Visual Leak Detector\bin\Win64;C:\Program Files\dotnet\;C:\Program Files\CMake\bin;C:\Program Files\MySQL\MySQL Shell 8.0\bin\;C:\Users\youssef albali\AppData\Local\Microsoft\WindowsApps;C:\Users\youssef albali\AppData\Local\atom\bin;D:\opencv\build\x64\vc15\bin;C:\Users\youssef albali\AppData\Local\GitHubDesktop\bin;C:\Users\youssef albali\AppData\Local\Microsoft\WindowsApps;C:\Program Files\JetBrains\CLion 2021.3.3\bin;;C:\Users\youssef albali\.dotnet\tools;C:\Users\youssef albali\AppData\Local\Programs\MiKTeX\miktex\bin\x64\;."/>
    <property name="java.vm.info" value="mixed mode, sharing"/>
    <property name="java.vendor" value="Oracle Corporation"/>
    <property name="java.vm.version" value="17.0.1+12-LTS-39"/>
    <property name="sun.io.unicode.encoding" value="UnicodeLittle"/>
    <property name="java.class.version" value="61.0"/>
  </properties>
  <testcase name="testGetDecryptedMessage[1]" classname="pl.polsl.youssef.albali.vigenere.cipher.model.VigenereCipherModelTest" time="0.018">
    <error message="Cannot invoke &quot;pl.polsl.youssef.albali.vigenere.cipher.model.VigenereCipherModel.getDecryptedMessage(String)&quot; because &quot;instance&quot; is null" type="java.lang.NullPointerException">java.lang.NullPointerException: Cannot invoke "pl.polsl.youssef.albali.vigenere.cipher.model.VigenereCipherModel.getDecryptedMessage(String)" because "instance" is null
	at pl.polsl.youssef.albali.vigenere.cipher.model.VigenereCipherModelTest.testGetDecryptedMessage(VigenereCipherModelTest.java:42)
</error>
    <system-out><![CDATA[getDecryptedMessage
]]></system-out>
  </testcase>
  <testcase name="testGetDecryptedMessage[2]" classname="pl.polsl.youssef.albali.vigenere.cipher.model.VigenereCipherModelTest" time="0.001">
    <error message="Cannot invoke &quot;pl.polsl.youssef.albali.vigenere.cipher.model.VigenereCipherModel.getDecryptedMessage(String)&quot; because &quot;instance&quot; is null" type="java.lang.NullPointerException">java.lang.NullPointerException: Cannot invoke "pl.polsl.youssef.albali.vigenere.cipher.model.VigenereCipherModel.getDecryptedMessage(String)" because "instance" is null
	at pl.polsl.youssef.albali.vigenere.cipher.model.VigenereCipherModelTest.testGetDecryptedMessage(VigenereCipherModelTest.java:42)
</error>
    <system-out><![CDATA[getDecryptedMessage
]]></system-out>
  </testcase>
  <testcase name="testGetDecryptedMessage[3]" classname="pl.polsl.youssef.albali.vigenere.cipher.model.VigenereCipherModelTest" time="0.001">
    <error message="Cannot invoke &quot;pl.polsl.youssef.albali.vigenere.cipher.model.VigenereCipherModel.getDecryptedMessage(String)&quot; because &quot;instance&quot; is null" type="java.lang.NullPointerException">java.lang.NullPointerException: Cannot invoke "pl.polsl.youssef.albali.vigenere.cipher.model.VigenereCipherModel.getDecryptedMessage(String)" because "instance" is null
	at pl.polsl.youssef.albali.vigenere.cipher.model.VigenereCipherModelTest.testGetDecryptedMessage(VigenereCipherModelTest.java:42)
</error>
    <system-out><![CDATA[getDecryptedMessage
]]></system-out>
  </testcase>
  <testcase name="testGetEncryptedMessage{String, String, String}[1]" classname="pl.polsl.youssef.albali.vigenere.cipher.model.VigenereCipherModelTest" time="0.027"/>
  <testcase name="testGetEncryptedMessage{String, String, String}[2]" classname="pl.polsl.youssef.albali.vigenere.cipher.model.VigenereCipherModelTest" time="0"/>
  <testcase name="testGetEncryptedMessage{String, String, String}[3]" classname="pl.polsl.youssef.albali.vigenere.cipher.model.VigenereCipherModelTest" time="0.002">
    <failure message="expected: &lt;WOzX&gt; but was: &lt;WaOzX&gt;" type="org.opentest4j.AssertionFailedError"><![CDATA[org.opentest4j.AssertionFailedError: expected: <WOzX> but was: <WaOzX>
	at pl.polsl.youssef.albali.vigenere.cipher.model.VigenereCipherModelTest.testGetEncryptedMessage(VigenereCipherModelTest.java:27)
]]></failure>
    <system-out><![CDATA[getEncryptedMessage
]]></system-out>
  </testcase>
</testsuite>